342875678 475667546 477512162 587676532 587698336 587726844 587752492 590040455 590072825 591427129 591507088 
451994163 452001981 578489300 627824326 628062064 628192760 
303311023 815887785 855529191 859406467 320031528 
607942495 607978983 326470106 327298015 607893753 
169781126 238500932 914759130 770306120 391863652 
70984475 119467438 666428814 846909312 849272653 
225562005 240275609 325091444 154283777 
302507188 302661088 607879624 607942497 
295665558 225679353 734676498 
700479372 768696260 902272010 
682262631 682273460 682358998 
239607671 261197782 531979526 
154301682 472240251 
521771633 528300805 
154302704 347832172 
517313651 829103206 
596543511 699031818 
550806770 748537593 
83772134 317149896 
815881900 303321177 
212538817 679993939 
628314634 759315966 
361128916 636767543 
682313980 682464267 
700456626 700469802 
928511787 451995906 
607879623 607942496 
578490371 628211656 
859412937 875641404 
361130428 
607879622 
759204781 
682381359 
730182760 
910291638 
821079878 
628297347 
584138994 
927764056 
156056404 
759229879 
682283229 
855533659 
761331393 
302916865 
169620956 
242820296 
759246065 
915068618 
875286239 
759288435 
684172103 
320588363 
751353071 
154299855 
156053638 
636772743 
512189663 
631239114 
821068348 
913830142 
628298971 
628323740 
671170798 
759243997 
67525851 
584414312 
759265341 
255931155 
525585210 
667830844 
859265277 
629643760 
671381326 
171691436 
915038755 
557724313 
751749815 
742076055 
752280187 
685408853 
759214364 
915154344 
67525613 
630006021 
667651717 
759200960 
759230842 
910297786 
615428955 
748495758 
258578029 
748503888 
582956355 
296808503 
296818675 
407921989 
821509169 
824375752 
629664669 
636584477 
320035944 
573992645 
615459808 
682320983 
821071045 
915702451 
407926868 
697066155 
238494722 
629633944 
802102136 
380478040 
640924402 
827055609 
115399760 
477527840 
666865909 
296422809 
816346079 
927417068 
189203755 
330925038 
818159420 
849271358 
391871391 
751751596 
816347036 
242818723 
315040091 
816189639 
682460856 
814600750 
909988930 
682324280 
596666172 
662521221 
627920425 
636761293 
816333432 
758209107 
628241085 
849269117 
859266025 
748560344 
859259612 
915108478 
115402349 
636600021 
816334230 
671173888 
913796487 
835896432 
770308814 
927388977 
818158994 
859264999 
682279859 
628070557 
615411955 
563290746 
875644448 
169603085 
615413588 
682458082 
821062293 
682413571 
549053244 
913767507 
425765820 
875282548 
