914756513 169768632 238497950 770309677 
238496807 914764457 169774617 391869788 
682438248 682473560 682464483 
629726543 672382582 770391288 
682277786 682351536 
578487611 628188600 
317025802 134055971 
700449041 700466171 
212536760 679999420 
145235507 350632919 
816344447 816344582 
685414067 
389636331 
835891594 
682309981 
353238481 
682379636 
682451310 
682437848 
636598285 
831350594 
425768023 
682281060 
910294707 
627820849 
628081858 
682305171 
928527300 
682396569 
682450663 
615413613 
574455082 
477532988 
350638806 
358370231 
255933275 
924886066 
902279360 
648160328 
599151333 
648160329 
700491162 
550806704 
748537526 
189189612 
330931001 
596705089 
751687151 
70992919 
119473313 
121707059 
751681460 
849269079 
859268693 
557727385 
599159033 
636771839 
700487674 
242796746 
255949242 
572278718 
748550934 
770302247 
358374631 
599160756 
748560579 
212539235 
242760586 
255953609 
259485766 
391868441 
116198987 
816186770 
598027187 
751688541 
