475675977 477510288 587706303 590022514 590050790 591482951 902742026 
927752756 342882397 
679993586 679993587 
831352399 
859268317 
255943015 
759264041 
115437464 
578486117 
748551063 
759247002 
682282082 
682377253 
682472633 
119474173 
640919384 
682455885 
700475434 
902748495 
682282937 
629647042 
682285623 
682458122 
831353230 
902273067 
682334945 
915050926 
759250140 
915030554 
628088052 
629638302 
347836639 
259485767 
768681150 
902271971 
751168172 
189191488 
902272597 
927416164 
67525619 
342889415 
927401721 
927415788 
915101486 
913883200 
751008255 
667729358 
630213305 
629642230 
630224446 
682329764 
212537521 
859265640 
550805147 
389625015 
695541778 
630215611 
189208498 
700469132 
590051184 
189190028 
816189811 
748503054 
629633812 
762134954 
697078954 
83771578 
587675136 
902745439 
342887257 
189212193 
682428344 
902273838 
682303394 
913776233 
242827177 
682469739 
