910294707 238496807 914764457 169774617 391869788 770302247 
425768023 700449041 700466171 902279360 700487674 
914756513 169768632 238497950 770309677 391868441 
578487611 628188600 627820849 628081858 
317025802 134055971 350638806 358370231 
212536760 242796746 679999420 748550934 
682438248 682473560 682464483 
682277786 682281060 682351536 
629726543 672382582 770391288 
70992919 119473313 849269079 
145235507 350632919 358374631 
682379636 682305171 
682451310 682437848 
682396569 682450663 
550806704 748537526 
816344447 816344582 
685414067 
389636331 
835891594 
682309981 
353238481 
636598285 
831350594 
928527300 
615413613 
574455082 
477532988 
255933275 
924886066 
648160328 
599151333 
648160329 
700491162 
189189612 
330931001 
596705089 
751687151 
121707059 
751681460 
859268693 
557727385 
599159033 
636771839 
255949242 
572278718 
599160756 
748560579 
212539235 
242760586 
255953609 
259485766 
116198987 
816186770 
598027187 
751688541 
