489265830 764700965 798796793 229362038 489283292 489310549 492246942 495707465 497858746 497896662 498250561 504531629 505185127 515537773 515546407 515705539 516097935 516348597 518654458 520817536 545130364 568201457 647579509 648448453 653593539 655188873 696300313 696311582 696316670 727816989 734846192 734854564 734863317 734869579 734880925 734906685 734912693 742366134 758894111 759484330 763417559 763457515 796491508 802115476 803453705 835533688 881006941 903232773 489273480 489294892 489317234 495172589 495192618 495213049 495222871 495232759 495237103 495245331 495258840 495268773 495298378 495329398 495336662 495344487 495363932 495430537 498146491 499653253 503458832 504104146 504907873 515549927 515908079 517430643 517755891 518409028 518479770 523665828 566144085 639436025 640010542 640685552 643468127 648306327 653599180 654453060 655593400 662782566 696519785 734935479 734961953 740577288 742824574 746560805 748189402 748197134 751316470 751598945 752852677 755698853 756161390 757180395 771480914 802114588 802143580 802171044 802214603 821171442 827467156 829060541 829067667 835500801 835655147 835890603 860359875 914712939 926557023 495203799 495285999 495305197 496334546 496339665 499373620 515074943 520809497 550105637 565883560 640704031 647497440 655272869 740846953 771843078 829052330 829071251 829612745 920181524 
493446310 493457788 493522799 493529412 493804057 493814869 497374479 497777193 499670244 499863876 499975275 500213125 501170172 501284899 501331480 504535356 504710952 544734660 654273197 654292675 654299217 667783677 736026372 736053944 736057632 746314729 749320322 755808330 759469859 762945134 766785226 780348340 817351263 836719523 837923333 852003397 881129734 910182284 
502145847 590586578 568869061 567900534 568869063 661889289 460411360 565394434 122249081 356539229 359806988 593206168 728834982 734338539 734375932 823123735 920708518 922367247 3914163 75251326 697191442 703120100 698481929 225464870 388506412 657953124 567862992 568855856 595825876 641839342 645218299 697191444 698481932 694405947 388520699 567862994 
502352207 518684726 550649424 568601681 654082302 658535523 696580654 723598467 742422008 742454301 742459425 742462064 742465832 746737168 748742733 740873911 757615238 
473904408 4835588 115447477 125540421 573919926 37654214 143328338 195643440 242062418 514715281 902763238 326508146 326515006 357136697 
727489924 727644353 565453399 674924072 688954277 922430260 923524982 297808227 567176459 674229370 923907144 15242205 727564328 21593970 
922429685 14211396 674885242 685381482 687568408 922466917 922571562 923901852 923929871 674930791 207367103 207367105 687568183 923668351 
654953300 924506452 736645330 772691667 765534983 637163429 736613683 746113164 751650678 764359509 809054123 827356614 846991379 851979194 
147861029 147811874 731381829 147766800 225427449 225427458 225427460 225427462 225427465 359474624 731381423 296088424 296088427 
917181319 664494720 664079180 917341443 918447706 913414279 918217771 440278608 672100094 751387445 908295681 
490048612 498327955 517282045 557414880 664163055 664239843 702683574 730245739 760234746 825328614 
16400 16226740 30692067 565444244 297815546 1469912 6624886 15229932 727650409 
151943003 190406375 259147089 365760240 401842308 584365244 584370479 918732789 919302889 
493433568 493437799 529016765 566050085 640713674 651247216 849124205 874220694 895978365 
573919923 115447475 357136693 326502296 475495689 320091613 474036550 222623304 
411029523 411029845 515109236 515109569 651266116 822048803 889726922 751644035 
516007080 755060053 763020948 489448588 873916636 489343483 503166230 503642888 
913646875 495434193 493259341 503157261 759852173 493249979 820897268 721484893 
663137531 696488204 696504008 696507137 927280353 914037994 914042135 440621835 
763095106 861966310 496108369 738616478 757667613 808400413 
506373682 494997923 515112790 515820985 823315425 850385674 
503461590 516533800 640675803 738077756 738089966 817524319 
499560245 502555359 504313239 504661130 560171019 
40890317 40890315 40890091 40890285 40890137 
560477269 655283225 821533116 914744310 499853907 
304422957 655597478 696281411 771536619 740821030 
489905485 489915327 504877319 727716372 757778695 
657877095 696383102 696407969 721481675 759857299 
497308737 639935447 759552137 759598128 771587006 
565466970 15229936 21593107 297815550 
727465841 727499572 565467112 727443147 
109700995 494048784 700668555 754070149 
499473061 501488954 503269373 829075303 
489901626 545077205 755135744 799149042 
738811518 738817236 738842832 759407519 
496589440 548429487 654490207 752302570 
657873115 696382479 696389745 759489534 
498131403 516517179 928205683 928210755 
495436562 503157276 721484908 759852150 
916402335 917220373 917460916 
727443150 727465844 727499574 
143328311 162460900 242062416 
685282759 922446647 923836981 
346921804 750561365 764996724 
495013882 495272099 516386375 
499398714 654714286 908692214 
656061952 737315503 768730230 
489259684 636828826 647728905 
502213068 756181872 515993925 
742866475 759475620 771573034 
658019178 694434720 694434722 
727443152 727499576 727588003 
566167695 743796892 
302775015 302818960 
567189717 567189708 
449443470 659127334 
674241110 674252234 
902196629 902196628 
586762737 586668730 
916320359 414568303 
319411811 558000068 
764350137 761896424 
407883491 752664510 
775233528 889751459 
503965544 749313549 
545378802 759007225 
523423653 578052825 
917183699 926380714 
518224143 808055897 
924124750 576990625 
738789955 647568755 
805640800 806498526 
489699231 498371615 
493884910 902974982 
503362151 927892104 
490569402 490571587 
494064857 640602326 
806841303 809008121 
515470087 518374816 
517206482 736163720 
597917009 336376890 
494854956 495023170 
496163382 497257790 
516530858 756185876 
635634231 657841447 
652743748 738198414 
500097095 654819037 
703114123 754945956 
268564027 309364710 
492365617 746066302 
503274412 544756393 
516265452 550930750 
697173273 697173275 
736733552 737563423 
486073705 702777448 
806929633 742511058 
751837929 
747083162 
630962942 
470110884 
502636684 
308943808 
633425803 
514715277 
729328088 
720031324 
743776009 
702474299 
567128083 
296088434 
682460235 
255565735 
802753212 
848900458 
148906582 
720004530 
599566274 
168042579 
565453402 
654634745 
702474303 
255565731 
646399358 
731348276 
402217697 
546338062 
566209208 
673527915 
516338776 
505057724 
758980583 
901808449 
917066003 
389940406 
917364133 
654709755 
697173271 
488699008 
557341690 
768197214 
836730524 
488805735 
255565733 
761929578 
628826377 
505260482 
500018445 
646286111 
498362432 
917184142 
922541816 
502975057 
503725012 
519049016 
913711914 
255565729 
341889635 
550930098 
800921011 
809073925 
827759850 
873224318 
489555770 
111054396 
255714445 
916827874 
498791504 
639564127 
646309743 
647538695 
652572412 
761757144 
825924089 
917312942 
308490725 
518474124 
640712472 
916947867 
917707697 
519072019 
528205010 
540139293 
636603407 
639244810 
639254531 
651245376 
655156779 
754991861 
917020477 
926328887 
491630440 
492406466 
518254404 
597969379 
740065140 
852467028 
921311650 
493729127 
494630573 
504366246 
516337819 
517949355 
518245362 
595774084 
598008779 
599348942 
754798638 
764400428 
808073159 
913454293 
917009820 
302695047 
449551022 
517834394 
549632464 
652941254 
655102530 
671525783 
749875787 
754379913 
809268787 
501028236 
519048287 
652788929 
657609255 
657929038 
749901029 
751004341 
751029199 
802678759 
810850310 
504566103 
515693844 
517983380 
559039483 
630172982 
695530602 
749847123 
769799657 
797121361 
916248655 
922779361 
926245917 
599094703 
914260396 
550914112 
754174758 
874068753 
499131299 
516092326 
518912095 
597903322 
737593181 
739626512 
749769446 
828155700 
501236506 
653100585 
736443982 
754829558 
761945342 
918331317 
921286535 
489244277 
522161489 
599353947 
913717785 
354544599 
489560410 
497912420 
501422862 
503218839 
517988627 
518716959 
521067578 
644232079 
654564515 
764509631 
835733888 
448531406 
496887402 
497320731 
501062292 
503725017 
504098617 
515693225 
516060186 
639538633 
643813110 
648537123 
654305423 
654749232 
703481283 
736935855 
738212048 
749010184 
765303179 
769913646 
873957848 
926330075 
150866043 
294656260 
495129815 
504215128 
505083206 
515791972 
517529012 
518401990 
522020853 
539396272 
655216344 
666645941 
736894491 
754918450 
254567613 
506335631 
510856095 
522060136 
544883691 
565467110 
653610420 
654031257 
654510190 
658467369 
663444796 
703200515 
749530990 
780158531 
873222670 
913165788 
17557111 
260945122 
494164728 
670523110 
672127238 
906318607 
560121327 
654849199 
737599615 
754413550 
754712200 
496324560 
502676256 
794632863 
406892431 
516843347 
633383785 
125582990 
629084527 
663598497 
916984578 
228485362 
697173277 
504597437 
522206783 
531610534 
691791104 
492552944 
380007835 
207367107 
306528388 
760110775 
515825223 
760096772 
751727041 
240012669 
531640813 
116788260 
495330132 
641463481 
472588141 
720031327 
731381814 
531124752 
568869065 
895943067 
918152647 
742383009 
30692072 
413930999 
923644725 
732804892 
207344452 
924610148 
