172589 63535562 151943772 256270934 323338578 584367373 761380641 763825611 763825755 763826403 763827094 763906459 764019914 
68472513 238881935 241950745 703963652 703967663 703972264 703984224 723163742 
759245720 761334720 915046401 628337528 759317203 
212537685 679993484 679993485 679993486 
636599925 627835423 628184415 451998661 
365761867 401626631 401840082 
679998547 212527778 
671180732 759285892 
119496561 846911256 
332594870 574139845 
146414081 190348420 
354547017 448514576 
816189706 
70991030 
242808519 
45199267 
67527947 
597585233 
254584636 
330929462 
396457976 
748518844 
679993483 
50304517 
365981163 
149248482 
915033106 
521781767 
629634854 
366991200 
684174595 
410078422 
363747728 
631389862 
752279781 
628266628 
628319120 
50285107 
259481176 
444314293 
628329625 
748548863 
403214632 
459374015 
389645450 
513030744 
682393138 
367002383 
662531047 
667832324 
915064873 
255723964 
628223017 
671161519 
684156774 
915194987 
156847822 
294654379 
908568305 
366989403 
662502713 
682403192 
