493522799 493529412 493804057 499670244 499863876 499975275 501284899 501331480 544734660 654273197 654292675 654299217 667783677 736026372 736053944 736057632 746314729 759469859 762945134 766785226 817351263 836719523 837923333 852003397 910182284 
663137531 696488204 696504008 696507137 927280353 914037994 440621835 
493433568 529016765 566050085 651247216 849124205 895978365 
674924072 688954277 922430260 923524982 923907144 
14211396 674885242 922571562 923901852 923929871 
147766800 225427449 225427458 359474624 296088427 
151943003 190406375 259147089 584370479 919302889 
490048612 498327955 517282045 664239843 702683574 
489905485 489915327 504877319 727716372 757778695 
497896662 545130364 763457515 796491508 835533688 
495237103 653599180 751598945 829060541 835655147 
516533800 640675803 738077756 738089966 817524319 
496339665 515074943 565883560 655272869 740846953 
37654214 143328338 195643440 902763238 
499560245 502555359 504313239 560171019 
637163429 736613683 809054123 851979194 
489294892 503458832 504104146 517430643 
493446310 493457788 501170172 881129734 
517755891 518409028 518479770 655593400 
568869061 567900534 568869063 
687568408 922466917 207367103 
16400 16226740 30692067 
567862992 568855856 641839342 
207367105 687568183 923668351 
1469912 6624886 15229932 
411029845 515109569 822048803 
489343483 503166230 503642888 
656061952 737315503 768730230 
545077205 755135744 799149042 
738811518 738817236 738842832 
496589440 654490207 752302570 
657873115 696382479 696389745 
657877095 696383102 696407969 
489283292 518654458 520817536 
734846192 734863317 734912693 
742462064 746737168 740873911 
497777193 755808330 780348340 
742824574 860359875 914712939 
499373620 829052330 829612745 
566167695 743796892 
4835588 115447477 
727489924 727644353 
326508146 326515006 
15242205 21593970 
143328311 162460900 
356539229 734338539 
359806988 734375932 
3914163 697191442 
15229936 21593107 
685282759 923836981 
411029523 515109236 
916320359 414568303 
147811874 731381829 
346921804 750561365 
225427462 225427465 
764350137 761896424 
407883491 752664510 
775233528 889751459 
109700995 754070149 
365760240 401842308 
489448588 873916636 
499398714 654714286 
763095106 757667613 
518224143 808055897 
805640800 806498526 
494997923 515820985 
499473061 501488954 
503269373 829075303 
746113164 846991379 
917341443 672100094 
918447706 751387445 
764700965 798796793 
517206482 736163720 
913414279 908295681 
918217771 440278608 
597917009 336376890 
304422957 771536619 
494854956 495023170 
635634231 657841447 
229362038 759484330 
759552137 759598128 
489310549 495707465 
568601681 658535523 
654082302 723598467 
696316670 763417559 
696580654 742465832 
742422008 742454301 
928205683 928210755 
492365617 746066302 
495172589 495285999 
495258840 495268773 
500213125 504535356 
502213068 515993925 
746560805 771480914 
755698853 829067667 
697173273 697173275 
486073705 702777448 
806929633 742511058 
751837929 
502145847 
747083162 
590586578 
916402335 
630962942 
470110884 
473904408 
502636684 
125540421 
308943808 
565466970 
573919926 
242062418 
514715281 
357136697 
573919923 
727443150 
727465844 
727499574 
922429685 
633425803 
115447475 
514715277 
565453399 
729328088 
297808227 
567176459 
674229370 
720031324 
727564328 
743776009 
302775015 
302818960 
702474299 
567128083 
296088434 
567189717 
661889289 
682460235 
255565735 
460411360 
565394434 
122249081 
449443470 
593206168 
659127334 
685381482 
728834982 
802753212 
823123735 
920708518 
922367247 
75251326 
567189708 
703120100 
848900458 
242062416 
674241110 
698481929 
902196629 
225464870 
148906582 
297815550 
388506412 
657953124 
674252234 
674930791 
720004530 
727465841 
727499572 
595825876 
599566274 
645218299 
168042579 
565453402 
586762737 
654634745 
702474303 
922446647 
255565731 
357136693 
565444244 
565467112 
646399358 
147861029 
326502296 
475495689 
697191444 
731348276 
917220373 
297815546 
320091613 
402217697 
474036550 
546338062 
566209208 
698481932 
727443147 
673527915 
727650409 
902196628 
222623304 
516338776 
319411811 
505057724 
758980583 
901808449 
917066003 
389940406 
917364133 
558000068 
654709755 
697173271 
488699008 
557341690 
768197214 
836730524 
488805735 
255565733 
586668730 
694405947 
761929578 
917460916 
388520699 
628826377 
225427460 
495013882 
495272099 
504661130 
505260482 
516386375 
500018445 
646286111 
731381423 
498362432 
917184142 
922541816 
296088424 
502975057 
503725012 
519049016 
913711914 
255565729 
341889635 
550930098 
800921011 
809073925 
827759850 
873224318 
917181319 
489555770 
516007080 
755060053 
763020948 
40890317 
111054396 
255714445 
503965544 
545378802 
654953300 
749313549 
759007225 
916827874 
40890315 
498791504 
523423653 
578052825 
584365244 
639564127 
646309743 
647538695 
651266116 
652572412 
761757144 
825924089 
889726922 
913646875 
917183699 
917312942 
918732789 
926380714 
40890091 
40890285 
308490725 
518474124 
640712472 
664494720 
751644035 
861966310 
916947867 
917707697 
495434193 
519072019 
528205010 
540139293 
567862994 
636603407 
639244810 
639254531 
651245376 
655156779 
754991861 
908692214 
917020477 
924124750 
924506452 
926328887 
491630440 
492406466 
493259341 
503157261 
506373682 
518254404 
597969379 
738789955 
740065140 
759852173 
852467028 
921311650 
489699231 
493249979 
493729127 
494630573 
498371615 
504366246 
515112790 
516337819 
517949355 
518245362 
576990625 
595774084 
598008779 
599348942 
736645330 
754798638 
764400428 
772691667 
808073159 
820897268 
823315425 
850385674 
913454293 
917009820 
302695047 
449551022 
489259684 
493884910 
517834394 
549632464 
636828826 
647568755 
647728905 
652941254 
655102530 
671525783 
749875787 
754379913 
765534983 
809268787 
902974982 
914042135 
40890137 
489901626 
496108369 
501028236 
503362151 
519048287 
652788929 
657609255 
657929038 
664079180 
721484893 
738616478 
749901029 
751004341 
751029199 
802678759 
810850310 
927892104 
489265830 
490569402 
490571587 
494064857 
504566103 
515693844 
517983380 
557414880 
559039483 
630172982 
640602326 
664163055 
695530602 
730245739 
749847123 
751650678 
760234746 
764359509 
769799657 
797121361 
825328614 
827356614 
916248655 
922779361 
926245917 
599094703 
806841303 
809008121 
914260396 
515470087 
518374816 
550914112 
560477269 
655283225 
754174758 
759407519 
821533116 
874068753 
914744310 
499131299 
516092326 
518912095 
597903322 
737593181 
739626512 
749769446 
764996724 
828155700 
501236506 
548429487 
653100585 
736443982 
754829558 
759489534 
761945342 
808400413 
918331317 
921286535 
489244277 
494048784 
496163382 
497257790 
516530858 
522161489 
599353947 
652743748 
655597478 
696281411 
700668555 
721481675 
738198414 
756185876 
759857299 
913717785 
354544599 
489560410 
497308737 
497912420 
500097095 
501422862 
503218839 
517988627 
518716959 
521067578 
639935447 
644232079 
654564515 
654819037 
703114123 
754945956 
764509631 
771587006 
835733888 
448531406 
492246942 
496887402 
497320731 
497858746 
498131403 
498250561 
501062292 
502352207 
503725017 
504098617 
504531629 
505185127 
515537773 
515546407 
515693225 
515705539 
516060186 
516097935 
516348597 
516517179 
518684726 
550649424 
568201457 
639538633 
643813110 
647579509 
648448453 
648537123 
653593539 
654305423 
654749232 
655188873 
696300313 
696311582 
703481283 
727816989 
734854564 
734869579 
734880925 
734906685 
736935855 
738212048 
742366134 
742459425 
748742733 
749010184 
758894111 
765303179 
769913646 
802115476 
803453705 
873957848 
881006941 
903232773 
926330075 
150866043 
268564027 
294656260 
489273480 
489317234 
493437799 
493814869 
495129815 
495192618 
495213049 
495222871 
495232759 
495245331 
495298378 
495329398 
495336662 
495344487 
495363932 
495430537 
495436562 
497374479 
498146491 
499653253 
499853907 
503157276 
503461590 
504215128 
504710952 
504907873 
505083206 
515549927 
515791972 
515908079 
517529012 
518401990 
522020853 
523665828 
539396272 
566144085 
639436025 
640010542 
640685552 
640713674 
643468127 
648306327 
654453060 
655216344 
662782566 
666645941 
696519785 
721484908 
734935479 
734961953 
736894491 
740577288 
742866475 
748189402 
748197134 
749320322 
751316470 
752852677 
754918450 
756161390 
756181872 
757180395 
757615238 
759475620 
759852150 
771573034 
802114588 
802143580 
802171044 
802214603 
821171442 
827467156 
835500801 
835890603 
874220694 
926557023 
254567613 
495203799 
495305197 
496334546 
503274412 
506335631 
510856095 
516265452 
520809497 
522060136 
544756393 
544883691 
550105637 
550930750 
565467110 
640704031 
647497440 
653610420 
654031257 
654510190 
658467369 
663444796 
703200515 
749530990 
771843078 
780158531 
829071251 
873222670 
913165788 
920181524 
17557111 
260945122 
494164728 
670523110 
672127238 
906318607 
560121327 
654849199 
736733552 
737563423 
737599615 
754413550 
754712200 
496324560 
502676256 
794632863 
406892431 
516843347 
633383785 
740821030 
125582990 
629084527 
663598497 
916984578 
228485362 
697173277 
504597437 
522206783 
531610534 
691791104 
492552944 
309364710 
380007835 
207367107 
306528388 
760110775 
515825223 
760096772 
751727041 
240012669 
531640813 
116788260 
495330132 
641463481 
472588141 
720031327 
731381814 
531124752 
568869065 
895943067 
918152647 
658019178 
694434720 
694434722 
742383009 
30692072 
727443152 
727499576 
727588003 
413930999 
923644725 
732804892 
207344452 
924610148 
