768481054 768492338 
768466891 768468360 
259149334 628209891 
323346653 768472302 
768467876 768482514 
768472798 768477708 
768462458 768468851 
768470821 768502129 
167047897 
768463932 
768486944 
768469836 
768500647 
768473288 
768478694 
768482024 
768498689 
768462952 
768464927 
768495776 
768489875 
768483491 
768460505 
768480072 
768476231 
768474770 
768499673 
768480564 
768491358 
768496268 
1177622 
768495285 
6322022 
761520942 
768463441 
768464434 
768475248 
259149325 
768461967 
584473585 
768497217 
768470829 
768474279 
768475740 
768492840 
6324418 
190407201 
768485962 
768469353 
768484971 
768496746 
919302886 
190406378 
323334831 
206597174 
584365241 
768500640 
151943000 
365760238 
323302425 
167047895 
323306611 
584368899 
207340147 
768461472 
918734846 
323306626 
768500639 
323307336 
