50554053 259147091 323302504 323354528 326439368 124702 124705 6322029 48686473 48958177 151943004 190406374 256270229 296178355 296178357 296178361 296178363 296178365 296178367 296178369 296178371 296178373 296178377 296178387 296178393 296178395 296178398 296178404 323306789 354952214 354952216 393395466 765530951 765542847 765543039 765615628 765647212 765665187 765680340 765684562 765704444 765706184 765826174 765826966 765833944 765874810 765923487 765938651 766121446 766143698 766238303 62421450 459358642 919302890 604064543 604064545 604064547 604064549 604064551 
475669380 342881496 477515576 517315757 584144227 587678909 587700661 590042728 590055104 591406006 591460754 591490206 
321264273 686626929 757319848 757325030 757333876 757338549 757345219 757351720 757377835 757392080 761742220 
629712388 672376577 743645397 743661503 743675542 770396082 
2912 124699 4689372 23450939 385141169 50096312 
307141615 385251831 385251862 289526663 289526661 
490469877 739053570 881089264 400375757 
257900419 496522441 496530097 648600727 
496300331 647555870 739040910 573501777 
490483750 503436193 640639615 738969766 
146418164 190333342 667467176 803374927 
667720437 666400848 667519504 
298576517 648594254 914929052 
490515524 640644040 655519800 
490492572 918006536 302149654 
494222716 917420039 544000003 
523425062 578047361 578053755 
635645467 636818878 736612468 
492740831 524822074 
922996116 922905984 
493324446 916607622 
667649445 701775548 
281401101 915241178 
495840111 647543951 
495176436 524732012 
374109307 45199047 
547914645 763187362 
636770113 361130836 
796696166 398395227 
739014192 383355309 
490517388 648592900 
500098115 504734064 
906318677 3776630 
401842309 365760241 
401625314 604064541 
459213821 459213823 
70988813 159128674 
916334758 916946036 
492443353 654482540 
515480930 746113756 
733790986 917632201 
918362808 693562347 
497437923 
818155292 
493296770 
524308833 
269210721 
391861623 
396492048 
430811039 
748549932 
50303037 
156839582 
255712171 
628071673 
759229936 
19075800 
116205988 
363748596 
169615773 
640557429 
524482676 
597589683 
629698429 
631389460 
513030950 
667831350 
738989631 
523421766 
578055585 
761757334 
490480750 
754411725 
761759080 
524021146 
615404163 
671152926 
821069808 
749882565 
678342015 
347836294 
739036668 
597993899 
477526240 
648163633 
754411728 
358237767 
156051554 
761341181 
915098711 
729850 
1915992 
927755738 
213409293 
685856293 
758191738 
759258005 
918732790 
636615637 
475667871 
662509828 
662525324 
754411706 
918831818 
599098890 
751346846 
563297887 
636606389 
403215909 
640202091 
646301156 
630349523 
663448304 
615441587 
294659164 
124739 
494228386 
588263093 
915689153 
763406189 
597993903 
254579074 
759738891 
367017111 
654814872 
737953379 
367015061 
459213827 
498204069 
654926047 
908569676 
58260730 
799322656 
524760604 
908737967 
654822753 
375267684 
448097423 
498349677 
503366544 
759740371 
916707854 
495899008 
628339598 
739678337 
806384454 
407925860 
641742445 
667829924 
640344719 
652558047 
919361426 
503114922 
727130957 
517716638 
494919962 
506327022 
702212259 
844799303 
506359490 
510833442 
763340701 
498363586 
671553848 
880994346 
738842944 
635508976 
691797350 
759313702 
921061030 
516016021 
644568003 
737358575 
914300929 
551205716 
858050689 
503428230 
915970759 
754859430 
489416251 
551290947 
748252191 
643754059 
772560924 
497832633 
551303007 
910697703 
817492573 
495915718 
497780474 
746969629 
