190406376 256270228 259147088 349578790 365765043 6322025 765542845 765543037 765570929 765680150 765680338 765684560 765704059 765704442 765705600 765826581 765910915 765938649 766120506 766205625 766281976 
68469146 238883357 703957036 703958149 703959357 703974050 703976103 703980320 712678031 712855309 712871713 712875387 723156126 723172086 723195210 723207351 
342885774 475666604 477517556 587675171 587696972 587728213 587751141 590052426 591425767 591494837 
342875095 475672268 477511487 587658829 587686657 587709075 587737596 590024922 591484816 
587661575 587685606 587710150 587735520 590027622 590056106 591406455 591461984 
587661247 587685935 587738286 590027277 590057373 591438261 591489548 902737633 
238883358 68469142 703958150 703976105 712678033 712871714 723183027 723207353 
68481678 703955982 703957369 703958573 712871417 723157245 723171688 723194211 
587672538 587696757 587733989 590024324 591435227 902731391 
672385161 743647775 743655825 761844143 770393999 
342886344 590044731 587658163 587702746 591411027 
342872183 587679135 587700885 591417685 591460973 
342877342 477517576 587751161 590052405 591494856 
587682187 587715034 590048019 591406316 
596542246 685871715 758190216 927761797 
134055675 317026413 350638572 
666409164 667528180 667732552 
759219961 759219962 759219966 
517324570 829114387 829130626 
517325629 829105162 829135216 
83773284 914755456 317151266 
238487474 83767403 317143544 
70981830 666435881 846912497 
584365243 765816214 Saccharomyces_paradoxus 
238507169 317159133 914759461 
531990269 829108230 829118945 
697083491 913794563 913878665 
672381581 743644720 761841167 
682414537 682378890 
682411880 682472625 
666407040 667523251 
682472361 682433237 
443899157 573029541 
743659336 743667912 
666429087 70995900 
134077273 317031059 
146414249 190348493 
238487136 914760111 
576981284 660970213 
829108386 829117275 
145237082 350635365 
682262358 682344809 
700454600 700465753 
682291743 682330084 
517314396 829113021 
391864246 83775465 
682259616 682345397 
682417631 682455397 
913800310 913864490 
401887517 406699779 
350633414 145251988 
666430674 70996658 
169767886 238484803 
550809760 780598357 
928521868 451998632 
374108525 45191045 
401842307 Saccharomyces_kudriavzevii 
517310179 584141247 
530479083 596692421 
146414247 190348492 
829106976 829119100 
596550875 758211141 
596550779 758210714 
146415588 190348016 
666405873 667522508 
302407700 913889351 
347833125 472236400 
401886091 406697967 
475675337 591461705 
550806838 780598562 
146415590 190348017 
530477344 596726685 
682335335 
682308553 
682264304 
682383008 
682355608 
682452283 
682279874 
682345484 
682422436 
682429176 
761336433 
691791433 
751349820 
682324924 
342889802 
816186921 
915183981 
754400327 
682429164 
682386424 
682280642 
682349130 
682353622 
682396344 
682273439 
748537462 
682292182 
698983232 
700445409 
667522900 
682279815 
927756681 
682461108 
667740809 
682284676 
682325752 
530469419 
682439812 
681102035 
768681083 
682369370 
682308291 
682278743 
682382997 
629636424 
780597222 
576045708 
618812614 
630963008 
628302046 
171676603 
667722835 
802104113 
320589239 
472586319 
674220754 
827071164 
827756632 
50306829 
67527704 
734657609 
835901679 
820654673 
780598778 
380488754 
530471179 
584139985 
682428118 
698991692 
829118636 
849268601 
915117600 
302881791 
477531324 
596696961 
761330462 
829106496 
164423159 
636747743 
751758953 
891556346 
913784268 
913803038 
302886147 
821067298 
512189297 
517324303 
751757555 
759218559 
628331991 
673526002 
682403398 
684164395 
759249314 
759318561 
915067818 
636759713 
761336270 
388852755 
667728241 
759255110 
821058934 
891574789 
242772686 
350629820 
550808782 
615444513 
699032671 
171676296 
343428219 
557998044 
666866339 
758975017 
477531227 
667717928 
799341700 
891582384 
913788109 
380487695 
452838317 
477533064 
530476142 
596713283 
631392226 
666865553 
682343160 
748551606 
749884541 
827075504 
915149315 
584392778 
615451284 
749766791 
913792254 
915077331 
367044900 
399166977 
628309354 
701775816 
763729394 
927382093 
615466023 
671158954 
749766780 
808369527 
449542351 
759207190 
910288557 
914758790 
915117373 
121701311 
530478805 
550803708 
596701399 
630033354 
748544727 
759292186 
770307463 
50547005 
628316150 
630177937 
671167868 
759286866 
761929653 
475674217 
599389015 
628291632 
629651847 
630357197 
671172126 
729181484 
750944969 
751740413 
754376774 
759244712 
761341093 
821065457 
915099525 
915100621 
915186016 
119495271 
169845255 
682296100 
682299197 
682341395 
682381229 
682403026 
749893612 
751745198 
759315149 
846916878 
85090674 
902270685 
924114417 
171688140 
190348099 
584126403 
587669825 
630342909 
646310124 
67527660 
751351640 
751837711 
761932280 
821058351 
164424070 
336261804 
599093761 
628254385 
628328914 
629656065 
630041010 
671145831 
698983904 
725981062 
749769542 
754379180 
754401994 
763729142 
915066310 
241957357 
595773610 
598011057 
682319566 
684166240 
749873395 
751028576 
759241084 
759270247 
827759313 
915708289 
574140948 
584139689 
597903116 
630028148 
697085186 
750960980 
751692191 
807756261 
254583290 
550807736 
618817540 
685398886 
685400913 
748541650 
751028851 
751749372 
763731161 
891576048 
913765772 
302695657 
588261255 
597918271 
631233087 
636601895 
646310125 
751758040 
255729578 
320591840 
358375749 
367023186 
584414657 
597970233 
599151120 
630963238 
682394890 
682448205 
754409483 
914753938 
255731578 
367017161 
425773023 
527302647 
550806643 
595767754 
630191016 
636765177 
666863429 
671158446 
682284522 
700490868 
768696881 
859263775 
902273283 
910297232 
924885397 
156057127 
459369207 
472244867 
530472481 
550809255 
563288616 
584411995 
636626245 
682313418 
700493918 
748542316 
770307310 
807756259 
835895357 
924892850 
336264103 
449539968 
449548048 
449551325 
512195161 
58265406 
646395792 
695530511 
750944091 
754379179 
908566220 
302906303 
449539971 
584135336 
67525003 
913773135 
913796230 
914266902 
169864815 
682275819 
682294766 
835890166 
859260141 
380494927 
512191103 
671145146 
759240303 
255731580 
259481303 
398398041 
512195102 
599412826 
666866335 
915049129 
927404307 
238034187 
302913308 
448536426 
459369195 
477537773 
573991921 
584393247 
630041374 
667649889 
729184515 
748515746 
754417850 
802101081 
367028274 
459369209 
587667162 
646301253 
671149363 
761757565 
818166973 
835889965 
915146716 
927400043 
121712208 
242760527 
302896636 
320591644 
347840435 
354548544 
448536422 
477528618 
628287380 
671174038 
748482212 
754417648 
761929651 
821072976 
241957359 
255711921 
354548545 
367050038 
448536418 
50547385 
598070435 
629687663 
630038023 
648171936 
695575373 
748485832 
749766790 
750999473 
212546627 
354548542 
448536414 
575510083 
596682391 
631391320 
663443991 
849272833 
927387127 
121705096 
169601976 
589104421 
640917396 
685401377 
695110921 
749865861 
759256257 
818162039 
910292994 
927422666 
358368199 
358370715 
512192702 
530472598 
599160186 
615466736 
748501331 
749854219 
751697695 
827074529 
149235504 
242822785 
260948318 
452847810 
596700394 
751005547 
761331936 
816189978 
821061743 
918733326 
150863713 
189198854 
330914270 
459369866 
525580442 
557724110 
628184310 
628235800 
821078014 
831334240 
908568179 
116191449 
628055366 
628196367 
636580343 
748542842 
818167653 
908569677 
119492606 
146323349 
170084545 
241957741 
459368651 
576983692 
628338856 
684171521 
697082754 
749766729 
749859957 
754417651 
849272182 
859264525 
910293775 
254576811 
255944763 
354548546 
523421761 
578047704 
578053468 
584413429 
598072081 
598074015 
662505805 
700446831 
700483708 
749767160 
749898809 
751692163 
759315541 
768697329 
902275887 
915094533 
915700938 
924891490 
169782429 
242804648 
452846427 
752341348 
759243111 
759271789 
83770574 
910297827 
915184531 
336266325 
578494503 
627835472 
629660059 
859268178 
906317892 
915077309 
134108859 
354548547 
459369210 
513031515 
629723844 
662526611 
667718804 
672381389 
743648214 
751753089 
906319601 
115385002 
294656263 
294656620 
402217149 
597917243 
816189070 
517323862 
630017121 
648154607 
126137535 
448088859 
453082777 
50425833 
576041126 
628851579 
748546102 
927411178 
126137533 
149234762 
317157996 
350638436 
50310971 
523425683 
573986765 
584396027 
666870279 
667643073 
401626744 
425765687 
50549539 
627820361 
628826837 
918732788 
Saccharomyces_bayanus 
Saccharomyces_mikatae 
254570255 
448536438 
477529091 
662507485 
682463829 
750960983 
385305135 
584145400 
662522124 
751348830 
759230605 
768695527 
902271909 
915703981 
918797133 
924888744 
150950967 
615406518 
628840037 
700456549 
700484180 
729182916 
927378877 
255951984 
759244232 
770310308 
909992640 
145230137 
363755796 
588262811 
630008889 
67525217 
927373215 
238505770 
584414382 
685411889 
924113163 
171694550 
45198747 
513033395 
598072323 
821065848 
584411589 
512187263 
578493192 
599159804 
700445944 
902279307 
759215363 
910288370 
575514975 
347976315 
575509425 
598070307 
821086262 
662503278 
662527218 
759321997 
821078116 
918816257 
302418686 
302889151 
302907172 
596653334 
697072395 
821083345 
924821865 
517315580 
907097003 
751356674 
761953977 
667716478 
918805712 
576040370 
629635624 
821062851 
407927118 
530475200 
770394467 
615423356 
662527837 
685857601 
697071436 
743485203 
743485206 
628282698 
631376146 
671167206 
759293509 
915676929 
918797413 
398405108 
913786184 
477512591 
582960328 
748528593 
748516740 
615429629 
380494693 
629669921 
681091914 
697067373 
759218758 
512186362 
582956196 
915046128 
225562660 
667663335 
701767939 
589115411 
627805859 
927424918 
671158510 
591405100 
751354598 
477535121 
576043968 
584131935 
453087549 
477513320 
666862035 
452836110 
302405857 
824372337 
913801448 
239609701 
915694395 
662531007 
115433424 
119467470 
512193284 
672797381 
748551456 
697071555 
751832698 
748537660 
75766612 
821070710 
587728193 
591425787 
701777031 
908387113 
116182976 
667645875 
697075190 
380486658 
729189837 
517314989 
584133513 
630037070 
207344454 
587675192 
396474827 
729181485 
391868737 
42820742 
365760239 
573985347 
367011221 
367046396 
212531331 
923155391 
749855787 
770407189 
770394936 
821086314 
858054835 
