190406376 256270228 259147088 349578790 365765043 584365243 6322025 765542845 765543037 765570929 765680150 765680338 765684560 765704059 765704442 765705600 765816214 765826581 765910915 765938649 766120506 766205625 766281976 Saccharomyces_paradoxus 
68469146 238883357 703957036 703958149 703959357 703974050 703976103 703980320 712678031 712855309 712871713 712875387 723156126 723172086 723195210 723207351 241957357 
475674217 517324570 587661247 587685935 587738286 590027277 590057373 591438261 591489548 829114387 829130626 902737633 584139689 
342885774 475666604 477517556 587675171 587696972 587728213 587751141 590052426 591425767 591494837 517314396 584135336 829113021 
584139985 587661575 587685606 587710150 587735520 590027622 590056106 591406455 591461984 829118636 517324303 
342875095 475672268 477511487 584145400 587658829 587686657 587709075 587737596 590024922 591484816 
475675337 587672538 587696757 587733989 590024324 591405100 591435227 902731391 591461705 
238883358 68469142 703958150 703976105 712678033 712871714 723183027 723207353 
68481678 703955982 703957369 703958573 712871417 723157245 723171688 723194211 
342877342 477517576 587728193 587751161 590052405 591425787 591494856 587675192 
743659336 743667912 672385161 743647775 743655825 761844143 770393999 
682394890 682448205 682262358 682284522 682344809 682291743 682330084 
342886344 590044731 587658163 587702746 591411027 517310179 584141247 
517315580 342872183 587679135 587700885 591417685 591460973 477512591 
587669825 587682187 587715034 590048019 591406316 
83773284 914755456 238505770 317151266 910288370 
682259616 682275819 682345397 682417631 682455397 
672381581 743644720 761841167 770407189 770394936 
134055675 317026413 350638572 358370715 
666409164 667528180 667732552 667717928 
666429087 70995900 119495271 846916878 
238487136 910288557 914760111 770307463 
596542246 685871715 758190216 927761797 
768695527 902271909 924888744 700456549 
770310308 238507169 317159133 914759461 
596550875 685857601 743485203 758211141 
682264304 682279874 682345484 
682280642 682353622 682273439 
666407040 667523251 667722835 
674220754 443899157 573029541 
913784268 913803038 697085186 
350629820 134077273 317031059 
759219961 759219962 759219966 
517325629 829105162 829135216 
164424070 698983904 725981062 
913765772 913786184 697071555 
358375749 145237082 350635365 
914753938 391864246 83775465 
768696881 902273283 924885397 
350633414 145251988 358368199 
238487474 83767403 317143544 
70981830 666435881 846912497 
748542842 550809760 780598357 
119492606 146323349 849272182 
169767886 910293775 238484803 
578047704 578053468 523425683 
768697329 902275887 924891490 
629723844 672381389 743648214 
517323862 829106976 829119100 
666405873 667522508 667716478 
302407700 697071436 913889351 
531990269 829108230 829118945 
550806838 748537660 780598562 
697083491 913794563 913878665 
682414537 682378890 
682452283 682422436 
682411880 682472625 
667522900 667740809 
682472361 682433237 
530471179 596696961 
682428118 682381229 
698991692 164423159 
628331991 759318561 
530476142 596713283 
146414249 190348493 
530478805 596701399 
550803708 748544727 
628291632 671172126 
682296100 682341395 
576981284 660970213 
829108386 829117275 
550807736 748541650 
700454600 700465753 
472244867 347840435 
550809255 748542316 
913773135 913796230 
913800310 913864490 
401887517 406699779 
628287380 671174038 
666430674 70996658 
818162039 927424918 
628184310 578494503 
628196367 578493192 
628338856 759315541 
928521868 451998632 
374108525 45191045 
350638436 145230137 
401842307 Saccharomyces_kudriavzevii 
530479083 596692421 
918732788 Saccharomyces_bayanus 
146414247 190348492 
596550779 758210714 
146415588 190348016 
628282698 671167206 
347833125 472236400 
401886091 406697967 
667663335 701767939 
701777031 667645875 
146415590 190348017 
530477344 596726685 
517314989 584133513 
682335335 
682308553 
682383008 
682355608 
682429176 
761336433 
691791433 
751349820 
682324924 
342889802 
816186921 
915183981 
754400327 
682429164 
682386424 
682349130 
682396344 
748537462 
682292182 
698983232 
700445409 
682279815 
927756681 
682461108 
682284676 
682325752 
530469419 
682439812 
681102035 
768681083 
682369370 
682308291 
682278743 
682382997 
629636424 
780597222 
576045708 
618812614 
630963008 
628302046 
171676603 
802104113 
320589239 
472586319 
827071164 
827756632 
50306829 
67527704 
734657609 
835901679 
820654673 
780598778 
380488754 
849268601 
915117600 
302881791 
477531324 
761330462 
829106496 
636747743 
751758953 
891556346 
302886147 
821067298 
512189297 
751757555 
759218559 
673526002 
682403398 
684164395 
759249314 
915067818 
636759713 
761336270 
388852755 
667728241 
759255110 
821058934 
891574789 
242772686 
550808782 
615444513 
699032671 
171676296 
343428219 
557998044 
666866339 
758975017 
477531227 
799341700 
891582384 
913788109 
380487695 
452838317 
477533064 
631392226 
666865553 
682343160 
748551606 
749884541 
827075504 
915149315 
584392778 
615451284 
749766791 
913792254 
915077331 
367044900 
399166977 
628309354 
701775816 
763729394 
927382093 
615466023 
671158954 
749766780 
808369527 
449542351 
759207190 
914758790 
915117373 
121701311 
630033354 
759292186 
50547005 
628316150 
630177937 
671167868 
759286866 
761929653 
599389015 
629651847 
630357197 
729181484 
750944969 
751740413 
754376774 
759244712 
761341093 
821065457 
915099525 
915100621 
915186016 
169845255 
682299197 
682403026 
749893612 
751745198 
759315149 
85090674 
902270685 
924114417 
171688140 
190348099 
584126403 
630342909 
646310124 
67527660 
751351640 
751837711 
761932280 
821058351 
336261804 
599093761 
628254385 
628328914 
629656065 
630041010 
671145831 
749769542 
754379180 
754401994 
763729142 
915066310 
595773610 
598011057 
682319566 
684166240 
749873395 
751028576 
759241084 
759270247 
827759313 
915708289 
574140948 
597903116 
630028148 
750960980 
751692191 
807756261 
254583290 
618817540 
685398886 
685400913 
751028851 
751749372 
763731161 
891576048 
302695657 
588261255 
597918271 
631233087 
636601895 
646310125 
751758040 
255729578 
320591840 
367023186 
584414657 
597970233 
599151120 
630963238 
754409483 
255731578 
367017161 
425773023 
527302647 
550806643 
595767754 
630191016 
636765177 
666863429 
671158446 
700490868 
859263775 
910297232 
156057127 
459369207 
530472481 
563288616 
584411995 
636626245 
682313418 
700493918 
770307310 
807756259 
835895357 
924892850 
336264103 
449539968 
449548048 
449551325 
512195161 
58265406 
646395792 
695530511 
750944091 
754379179 
908566220 
302906303 
449539971 
67525003 
914266902 
169864815 
682294766 
835890166 
859260141 
380494927 
512191103 
671145146 
759240303 
255731580 
259481303 
398398041 
512195102 
599412826 
666866335 
915049129 
927404307 
238034187 
302913308 
448536426 
459369195 
477537773 
573991921 
584393247 
630041374 
667649889 
729184515 
748515746 
754417850 
802101081 
367028274 
459369209 
587667162 
646301253 
671149363 
761757565 
818166973 
835889965 
915146716 
927400043 
121712208 
242760527 
302896636 
320591644 
354548544 
448536422 
477528618 
748482212 
754417648 
761929651 
821072976 
241957359 
255711921 
354548545 
367050038 
448536418 
50547385 
598070435 
629687663 
630038023 
648171936 
695575373 
748485832 
749766790 
750999473 
212546627 
354548542 
448536414 
575510083 
596682391 
631391320 
663443991 
849272833 
927387127 
121705096 
169601976 
589104421 
640917396 
685401377 
695110921 
749865861 
759256257 
910292994 
927422666 
512192702 
530472598 
599160186 
615466736 
748501331 
749854219 
751697695 
827074529 
149235504 
242822785 
260948318 
452847810 
596700394 
751005547 
761331936 
816189978 
821061743 
918733326 
150863713 
189198854 
330914270 
459369866 
525580442 
557724110 
628235800 
821078014 
831334240 
908568179 
116191449 
628055366 
636580343 
818167653 
908569677 
170084545 
241957741 
459368651 
576983692 
684171521 
697082754 
749766729 
749859957 
754417651 
859264525 
254576811 
255944763 
354548546 
523421761 
584413429 
598072081 
598074015 
662505805 
700446831 
700483708 
749767160 
749898809 
751692163 
915094533 
915700938 
169782429 
242804648 
452846427 
752341348 
759243111 
759271789 
83770574 
910297827 
915184531 
336266325 
627835472 
629660059 
859268178 
906317892 
915077309 
134108859 
354548547 
459369210 
513031515 
662526611 
667718804 
751753089 
906319601 
115385002 
294656263 
294656620 
402217149 
597917243 
816189070 
630017121 
648154607 
126137535 
448088859 
453082777 
50425833 
576041126 
628851579 
748546102 
927411178 
126137533 
149234762 
317157996 
50310971 
573986765 
584396027 
666870279 
667643073 
401626744 
425765687 
50549539 
627820361 
628826837 
Saccharomyces_mikatae 
254570255 
448536438 
477529091 
662507485 
682463829 
750960983 
385305135 
662522124 
751348830 
759230605 
915703981 
918797133 
150950967 
615406518 
628840037 
700484180 
729182916 
927378877 
255951984 
759244232 
909992640 
363755796 
588262811 
630008889 
67525217 
927373215 
584414382 
685411889 
924113163 
171694550 
45198747 
513033395 
598072323 
821065848 
584411589 
512187263 
599159804 
700445944 
902279307 
759215363 
575514975 
347976315 
575509425 
598070307 
821086262 
662503278 
662527218 
759321997 
821078116 
918816257 
302418686 
302889151 
302907172 
596653334 
697072395 
821083345 
924821865 
907097003 
751356674 
761953977 
918805712 
576040370 
629635624 
821062851 
407927118 
530475200 
770394467 
615423356 
662527837 
743485206 
631376146 
759293509 
915676929 
918797413 
398405108 
582960328 
748528593 
748516740 
615429629 
380494693 
629669921 
681091914 
697067373 
759218758 
512186362 
582956196 
915046128 
225562660 
589115411 
627805859 
671158510 
751354598 
477535121 
576043968 
584131935 
453087549 
477513320 
666862035 
452836110 
302405857 
824372337 
913801448 
239609701 
915694395 
662531007 
115433424 
119467470 
512193284 
672797381 
748551456 
751832698 
75766612 
821070710 
908387113 
116182976 
697075190 
380486658 
729189837 
630037070 
207344454 
396474827 
729181485 
391868737 
42820742 
365760239 
573985347 
367011221 
367046396 
212531331 
923155391 
749855787 
821086314 
858054835 
